{"level":"error","message":"hubo un error al traer los productos ReferenceError: req is not defined"}
{"level":"warn","message":"Ruta GET /socket.io/socket.io.js no implementada"}
{"level":"warn","message":"Ruta GET /public/scripts/chat.js no implementada"}
{"level":"warn","message":"Ruta GET /favicon.ico no implementada"}
{"level":"warn","message":"Ruta GET /favicon.ico no implementada"}
{"level":"warn","message":"Ruta GET /socket.io/socket.io.js no implementada"}
{"level":"warn","message":"Ruta GET /public/scripts/chat.js no implementada"}
{"level":"warn","message":"Ruta GET /favicon.ico no implementada"}
{"level":"warn","message":"Ruta GET /socket.io/socket.io.js no implementada"}
{"level":"warn","message":"Ruta GET /favicon.ico no implementada"}
{"level":"warn","message":"Ruta GET /favicon.ico no implementada"}
{"level":"warn","message":"Ruta GET /favicon.ico no implementada"}
{"level":"warn","message":"Ruta GET /favicon.ico no implementada"}
{"level":"warn","message":"Ruta GET /socket.io/socket.io.js no implementada"}
{"level":"warn","message":"Ruta GET /favicon.ico no implementada"}
{"level":"warn","message":"Ruta GET /socket.io/socket.io.js no implementada"}
{"level":"warn","message":"Ruta GET /favicon.ico no implementada"}
{"level":"warn","message":"Ruta GET /socket.io/socket.io.js no implementada"}
{"level":"warn","message":"Ruta GET /favicon.ico no implementada"}
{"level":"warn","message":"Ruta GET /socket.io/?EIO=4&transport=polling&t=OSaC2cE no implementada"}
{"level":"warn","message":"Ruta GET /socket.io/?EIO=4&transport=polling&t=OSaC2_l no implementada"}
{"level":"warn","message":"Ruta GET /socket.io/?EIO=4&transport=polling&t=OSaC3SA no implementada"}
{"level":"warn","message":"Ruta GET /socket.io/?EIO=4&transport=polling&t=OSaC4Sm no implementada"}
{"level":"warn","message":"Ruta GET /socket.io/?EIO=4&transport=polling&t=OSaC5p1 no implementada"}
{"level":"warn","message":"Ruta GET /socket.io/?EIO=4&transport=polling&t=OSaC7O- no implementada"}
{"level":"warn","message":"Ruta GET /socket.io/?EIO=4&transport=polling&t=OSaC8xr no implementada"}
{"level":"warn","message":"Ruta GET /socket.io/?EIO=4&transport=polling&t=OSaCAJ9 no implementada"}
{"level":"warn","message":"Ruta GET /socket.io/?EIO=4&transport=polling&t=OSaCBuG no implementada"}
{"level":"warn","message":"Ruta GET /socket.io/?EIO=4&transport=polling&t=OSaCDWN no implementada"}
{"level":"warn","message":"Ruta GET /socket.io/?EIO=4&transport=polling&t=OSaCF4z no implementada"}
{"level":"warn","message":"Ruta GET /socket.io/?EIO=4&transport=polling&t=OSaCGp- no implementada"}
{"level":"warn","message":"Ruta GET /socket.io/?EIO=4&transport=polling&t=OSaCIYe no implementada"}
{"level":"warn","message":"Ruta GET /socket.io/?EIO=4&transport=polling&t=OSaCLdt no implementada"}
{"level":"warn","message":"Ruta GET /socket.io/?EIO=4&transport=polling&t=OSaCMmZ no implementada"}
{"level":"warn","message":"Ruta GET /favicon.ico no implementada"}
{"level":"warn","message":"Ruta GET /socket.io/?EIO=4&transport=polling&t=OSaCNCp no implementada"}
{"level":"warn","message":"Ruta GET /socket.io/?EIO=4&transport=polling&t=OSaCNmY no implementada"}
{"level":"warn","message":"Ruta GET /socket.io/?EIO=4&transport=polling&t=OSaCOTe no implementada"}
{"level":"warn","message":"Ruta GET /socket.io/?EIO=4&transport=polling&t=OSaCPyi no implementada"}
{"level":"warn","message":"Ruta GET /socket.io/?EIO=4&transport=polling&t=OSaCRPA no implementada"}
{"level":"warn","message":"Ruta GET /socket.io/?EIO=4&transport=polling&t=OSaCSta no implementada"}
{"level":"warn","message":"Ruta GET /socket.io/?EIO=4&transport=polling&t=OSaCULN no implementada"}
{"level":"warn","message":"Ruta GET /socket.io/?EIO=4&transport=polling&t=OSaCVsH no implementada"}
{"level":"warn","message":"Ruta GET /socket.io/?EIO=4&transport=polling&t=OSaCXQ2 no implementada"}
{"level":"warn","message":"Ruta GET /socket.io/?EIO=4&transport=polling&t=OSaCZ8J no implementada"}
{"level":"warn","message":"Ruta GET /socket.io/?EIO=4&transport=polling&t=OSaCat2 no implementada"}
{"level":"warn","message":"Ruta GET /socket.io/?EIO=4&transport=polling&t=OSaCrCs no implementada"}
{"level":"warn","message":"Ruta GET /socket.io/socket.io.js no implementada"}
{"level":"warn","message":"Ruta GET /favicon.ico no implementada"}
{"level":"warn","message":"Ruta GET /socket.io/socket.io.js no implementada"}
{"level":"warn","message":"Ruta GET /favicon.ico no implementada"}
{"level":"warn","message":"Ruta GET /favicon.ico no implementada"}
{"level":"warn","message":"Ruta GET /socket.io/client-dist/socket.io.js no implementada"}
{"level":"warn","message":"Ruta GET /favicon.ico no implementada"}
{"level":"warn","message":"Ruta GET /socket.io/socket.io.js no implementada"}
{"level":"warn","message":"Ruta GET /favicon.ico no implementada"}
{"level":"warn","message":"Ruta GET /socket.io/?EIO=4&transport=polling&t=OSaHm67 no implementada"}
{"level":"warn","message":"Ruta GET /favicon.ico no implementada"}
{"level":"warn","message":"Ruta GET /socket.io/?EIO=4&transport=polling&t=OSaHmS5 no implementada"}
{"level":"warn","message":"Ruta GET /socket.io/?EIO=4&transport=polling&t=OSaHmtJ no implementada"}
{"level":"warn","message":"Ruta GET /socket.io/?EIO=4&transport=polling&t=OSaHoDD no implementada"}
{"level":"warn","message":"Ruta GET /socket.io/?EIO=4&transport=polling&t=OSaHpgV no implementada"}
{"level":"warn","message":"Ruta GET /socket.io/?EIO=4&transport=polling&t=OSaHrAg no implementada"}
{"level":"warn","message":"Ruta GET /socket.io/?EIO=4&transport=polling&t=OSaHsmk no implementada"}
{"level":"warn","message":"Ruta GET /socket.io/?EIO=4&transport=polling&t=OSaHuSu no implementada"}
{"level":"warn","message":"Ruta GET /socket.io/?EIO=4&transport=polling&t=OSaHwBK no implementada"}
{"level":"warn","message":"Ruta GET /socket.io/?EIO=4&transport=polling&t=OSaHxoq no implementada"}
{"level":"warn","message":"Ruta GET /socket.io/?EIO=4&transport=polling&t=OSaHzDL no implementada"}
{"level":"warn","message":"Ruta GET /socket.io/?EIO=4&transport=polling&t=OSaH-nE no implementada"}
{"level":"warn","message":"Ruta GET /socket.io/?EIO=4&transport=polling&t=OSaI0Xg no implementada"}
{"level":"warn","message":"Ruta GET /socket.io/?EIO=4&transport=polling&t=OSaI24N no implementada"}
{"level":"warn","message":"Ruta GET /socket.io/?EIO=4&transport=polling&t=OSaI3hq no implementada"}
{"level":"warn","message":"Ruta GET /socket.io/?EIO=4&transport=polling&t=OSaI5Rt no implementada"}
{"level":"warn","message":"Ruta GET /socket.io/?EIO=4&transport=polling&t=OSaI6yz no implementada"}
{"level":"warn","message":"Ruta GET /socket.io/?EIO=4&transport=polling&t=OSaIA6T no implementada"}
{"level":"warn","message":"Ruta GET /socket.io/?EIO=4&transport=polling&t=OSaICO5 no implementada"}
{"level":"warn","message":"Ruta GET /socket.io/?EIO=4&transport=polling&t=OSaIDl0 no implementada"}
{"level":"warn","message":"Ruta GET /favicon.ico no implementada"}
{"level":"warn","message":"Ruta GET /socket.io/?EIO=4&transport=polling&t=OSaIE3Q no implementada"}
{"level":"warn","message":"Ruta GET /socket.io/?EIO=4&transport=polling&t=OSaIEwf no implementada"}
{"level":"warn","message":"Ruta GET /socket.io/?EIO=4&transport=polling&t=OSaIFxH no implementada"}
{"level":"warn","message":"Ruta GET /socket.io/?EIO=4&transport=polling&t=OSaIHVr no implementada"}
{"level":"warn","message":"Ruta GET /socket.io/?EIO=4&transport=polling&t=OSaIIwX no implementada"}
{"level":"warn","message":"Ruta GET /socket.io/?EIO=4&transport=polling&t=OSaIKOH no implementada"}
{"level":"warn","message":"Ruta GET /socket.io/?EIO=4&transport=polling&t=OSaILzk no implementada"}
{"level":"warn","message":"Ruta GET /socket.io/?EIO=4&transport=polling&t=OSaINJn no implementada"}
{"level":"warn","message":"Ruta GET /socket.io/?EIO=4&transport=polling&t=OSaIOx_ no implementada"}
{"level":"warn","message":"Ruta GET /socket.io/?EIO=4&transport=polling&t=OSaIQa1 no implementada"}
{"level":"warn","message":"Ruta GET /socket.io/?EIO=4&transport=polling&t=OSaIR-9 no implementada"}
{"level":"warn","message":"Ruta GET /socket.io/?EIO=4&transport=polling&t=OSaITaY no implementada"}
{"level":"warn","message":"Ruta GET /socket.io/?EIO=4&transport=polling&t=OSaIVH- no implementada"}
{"level":"warn","message":"Ruta GET /socket.io/?EIO=4&transport=polling&t=OSaIWvp no implementada"}
{"level":"warn","message":"Ruta GET /socket.io/?EIO=4&transport=polling&t=OSaIYT2 no implementada"}
{"level":"warn","message":"Ruta GET /socket.io/?EIO=4&transport=polling&t=OSaIa5B no implementada"}
{"level":"warn","message":"Ruta GET /socket.io/?EIO=4&transport=polling&t=OSaIbfL no implementada"}
{"level":"warn","message":"Ruta GET /socket.io/?EIO=4&transport=polling&t=OSaIdG6 no implementada"}
{"level":"warn","message":"Ruta GET /socket.io/?EIO=4&transport=polling&t=OSaIeoh no implementada"}
{"level":"warn","message":"Ruta GET /socket.io/?EIO=4&transport=polling&t=OSaIgXP no implementada"}
{"level":"warn","message":"Ruta GET /socket.io/?EIO=4&transport=polling&t=OSaIiGB no implementada"}
{"level":"warn","message":"Ruta GET /socket.io/?EIO=4&transport=polling&t=OSaIjnX no implementada"}
{"level":"warn","message":"Ruta GET /socket.io/?EIO=4&transport=polling&t=OSaIlFp no implementada"}
{"level":"warn","message":"Ruta GET /socket.io/?EIO=4&transport=polling&t=OSaImkD no implementada"}
{"level":"warn","message":"Ruta GET /socket.io/?EIO=4&transport=polling&t=OSaIoO6 no implementada"}
{"level":"warn","message":"Ruta GET /socket.io/?EIO=4&transport=polling&t=OSaIpxa no implementada"}
{"level":"warn","message":"Ruta GET /socket.io/?EIO=4&transport=polling&t=OSaIrPP no implementada"}
{"level":"warn","message":"Ruta GET /socket.io/?EIO=4&transport=polling&t=OSaIuK4 no implementada"}
{"level":"warn","message":"Ruta GET /socket.io/?EIO=4&transport=polling&t=OSaIvD9 no implementada"}
{"level":"warn","message":"Ruta GET /favicon.ico no implementada"}
{"level":"warn","message":"Ruta GET /socket.io/?EIO=4&transport=polling&t=OSaIvk4 no implementada"}
{"level":"warn","message":"Ruta GET /socket.io/?EIO=4&transport=polling&t=OSaIwEE no implementada"}
{"level":"warn","message":"Ruta GET /socket.io/?EIO=4&transport=polling&t=OSaIxaF no implementada"}
{"level":"warn","message":"Ruta GET /socket.io/?EIO=4&transport=polling&t=OSaIyyK no implementada"}
{"level":"warn","message":"Ruta GET /socket.io/?EIO=4&transport=polling&t=OSaI-JD no implementada"}
{"level":"warn","message":"Ruta GET /socket.io/?EIO=4&transport=polling&t=OSaI_fv no implementada"}
{"level":"warn","message":"Ruta GET /favicon.ico no implementada"}
{"level":"warn","message":"Ruta GET /socket.io/?EIO=4&transport=polling&t=OSaJ11u no implementada"}
{"level":"warn","message":"Ruta GET /socket.io/?EIO=4&transport=polling&t=OSaJ2ak no implementada"}
{"level":"warn","message":"Ruta GET /socket.io/?EIO=4&transport=polling&t=OSaJ3xA no implementada"}
{"level":"warn","message":"Ruta GET /socket.io/?EIO=4&transport=polling&t=OSaJ5VC no implementada"}
{"level":"warn","message":"Ruta GET /socket.io/?EIO=4&transport=polling&t=OSaJ75M no implementada"}
{"level":"warn","message":"Ruta GET /socket.io/?EIO=4&transport=polling&t=OSaJ8fN no implementada"}
{"level":"warn","message":"Ruta GET /socket.io/?EIO=4&transport=polling&t=OSaJA5s no implementada"}
{"level":"warn","message":"Ruta GET /socket.io/?EIO=4&transport=polling&t=OSaJBjj no implementada"}
{"level":"warn","message":"Ruta GET /socket.io/?EIO=4&transport=polling&t=OSaJDR1 no implementada"}
{"level":"warn","message":"Ruta GET /socket.io/?EIO=4&transport=polling&t=OSaJF5R no implementada"}
{"level":"warn","message":"Ruta GET /socket.io/?EIO=4&transport=polling&t=OSaJGTV no implementada"}
{"level":"warn","message":"Ruta GET /socket.io/?EIO=4&transport=polling&t=OSaJI4T no implementada"}
{"level":"warn","message":"Ruta GET /socket.io/?EIO=4&transport=polling&t=OSaJJiH no implementada"}
{"level":"warn","message":"Ruta GET /socket.io/?EIO=4&transport=polling&t=OSaJL5f no implementada"}
{"level":"warn","message":"Ruta GET /socket.io/?EIO=4&transport=polling&t=OSaJMae no implementada"}
{"level":"warn","message":"Ruta GET /socket.io/?EIO=4&transport=polling&t=OSaJOCY no implementada"}
{"level":"warn","message":"Ruta GET /socket.io/?EIO=4&transport=polling&t=OSaJPnv no implementada"}
{"level":"warn","message":"Ruta GET /socket.io/?EIO=4&transport=polling&t=OSaJROv no implementada"}
{"level":"warn","message":"Ruta GET /socket.io/?EIO=4&transport=polling&t=OSaJSyz no implementada"}
{"level":"warn","message":"Ruta GET /socket.io/?EIO=4&transport=polling&t=OSaJUPl no implementada"}
{"level":"warn","message":"Ruta GET /socket.io/?EIO=4&transport=polling&t=OSaJVzg no implementada"}
{"level":"warn","message":"Ruta GET /socket.io/?EIO=4&transport=polling&t=OSaJYod no implementada"}
{"level":"warn","message":"Ruta GET /socket.io/?EIO=4&transport=polling&t=OSaJZGS no implementada"}
{"level":"warn","message":"Ruta GET /favicon.ico no implementada"}
{"level":"warn","message":"Ruta GET /socket.io/?EIO=4&transport=polling&t=OSaJZYz no implementada"}
{"level":"warn","message":"Ruta GET /socket.io/?EIO=4&transport=polling&t=OSaJa4r no implementada"}
{"level":"warn","message":"Ruta GET /socket.io/?EIO=4&transport=polling&t=OSaJbXI no implementada"}
{"level":"warn","message":"Ruta GET /favicon.ico no implementada"}
{"level":"warn","message":"Ruta GET /socket.io/?EIO=4&transport=polling&t=OSaMXs1 no implementada"}
{"level":"warn","message":"Ruta GET /favicon.ico no implementada"}
{"level":"warn","message":"Ruta GET /socket.io/?EIO=4&transport=polling&t=OSaMYQ3 no implementada"}
{"level":"warn","message":"Ruta GET /socket.io/?EIO=4&transport=polling&t=OSaMZBZ no implementada"}
{"level":"warn","message":"Ruta GET /socket.io/?EIO=4&transport=polling&t=OSaMa4e no implementada"}
{"level":"warn","message":"Ruta GET /socket.io/?EIO=4&transport=polling&t=OSaMbLT no implementada"}
{"level":"warn","message":"Ruta GET /favicon.ico no implementada"}
{"level":"warn","message":"Ruta GET /favicon.ico no implementada"}
{"level":"warn","message":"Ruta GET /socket.io/socket.io.js no implementada"}
{"level":"warn","message":"Ruta GET /favicon.ico no implementada"}
{"level":"warn","message":"Ruta GET /socket.io/socket.io.js no implementada"}
{"level":"warn","message":"Ruta GET /favicon.ico no implementada"}
{"level":"warn","message":"Ruta GET /socket.io/socket.io.js no implementada"}
{"level":"warn","message":"Ruta GET /favicon.ico no implementada"}
{"level":"warn","message":"Ruta GET /favicon.ico no implementada"}
{"level":"warn","message":"Ruta GET /socket.io/socket.io.js no implementada"}
{"level":"warn","message":"Ruta GET /favicon.ico no implementada"}
{"level":"warn","message":"Ruta GET /socket.io/socket.io.js no implementada"}
{"level":"warn","message":"Ruta GET /favicon.ico no implementada"}
{"level":"warn","message":"Ruta GET /socket.io/socket.io.js no implementada"}
{"level":"warn","message":"Ruta GET /favicon.ico no implementada"}
{"level":"warn","message":"Ruta GET /socket.io/socket.io.js no implementada"}
{"level":"warn","message":"Ruta GET /socket.io/socket.io.js no implementada"}
{"level":"warn","message":"Ruta GET /favicon.ico no implementada"}
{"level":"warn","message":"Ruta GET /socket.io/socket.io.js no implementada"}
{"level":"warn","message":"Ruta GET /favicon.ico no implementada"}
{"level":"warn","message":"Ruta GET /socket.io/socket.io.js no implementada"}
{"level":"warn","message":"Ruta GET /favicon.ico no implementada"}
{"level":"warn","message":"Ruta GET /socket.io/socket.io.js no implementada"}
{"level":"warn","message":"Ruta GET /favicon.ico no implementada"}
{"level":"warn","message":"Ruta GET /socket.io/socket.io.js no implementada"}
{"level":"warn","message":"Ruta GET /favicon.ico no implementada"}
{"level":"error","message":"Error en login de usuario"}
{"level":"warn","message":"Ruta GET /favicon.ico no implementada"}
{"level":"warn","message":"Ruta GET /favicon.ico no implementada"}
{"level":"error","message":"Error en login de usuario"}
{"level":"warn","message":"Ruta GET /favicon.ico no implementada"}
{"level":"warn","message":"Ruta GET /favicon.ico no implementada"}
{"level":"error","message":"Error en login de usuario"}
{"level":"warn","message":"Ruta GET /favicon.ico no implementada"}
{"level":"warn","message":"Ruta GET /favicon.ico no implementada"}
{"level":"error","message":"Error en login de usuario"}
{"level":"warn","message":"Ruta GET /favicon.ico no implementada"}
{"level":"warn","message":"Ruta GET /favicon.ico no implementada"}
{"level":"warn","message":"Ruta GET /favicon.ico no implementada"}
{"level":"warn","message":"Ruta GET /socket.io/socket.io.js no implementada"}
{"level":"warn","message":"Ruta GET /favicon.ico no implementada"}
{"level":"error","message":"Error en login de usuario"}
{"level":"warn","message":"Ruta GET /favicon.ico no implementada"}
{"level":"warn","message":"Ruta GET /favicon.ico no implementada"}
{"level":"error","message":"Error en login de usuario"}
{"level":"warn","message":"Ruta GET /favicon.ico no implementada"}
{"level":"warn","message":"Ruta GET /favicon.ico no implementada"}
{"level":"error","message":"Error en login de usuario"}
{"level":"warn","message":"Ruta GET /favicon.ico no implementada"}
{"level":"warn","message":"Ruta GET /favicon.ico no implementada"}
{"level":"error","message":"Error en login de usuario"}
{"level":"warn","message":"Ruta GET /favicon.ico no implementada"}
{"level":"warn","message":"Ruta GET /favicon.ico no implementada"}
{"level":"error","message":"Error en login de usuario"}
{"level":"warn","message":"Ruta GET /favicon.ico no implementada"}
{"level":"warn","message":"Ruta GET /favicon.ico no implementada"}
{"level":"warn","message":"Ruta GET /socket.io/socket.io.js no implementada"}
{"level":"warn","message":"Ruta GET /favicon.ico no implementada"}
{"level":"warn","message":"Ruta GET /socket.io/socket.io.js no implementada"}
{"level":"warn","message":"Ruta GET /favicon.ico no implementada"}
{"level":"warn","message":"Ruta GET /socket.io/socket.io.js no implementada"}
{"level":"warn","message":"Ruta GET /favicon.ico no implementada"}
{"level":"error","message":"Error en login de usuario"}
{"level":"warn","message":"Ruta GET /favicon.ico no implementada"}
{"level":"warn","message":"Ruta GET /favicon.ico no implementada"}
{"level":"warn","message":"Ruta GET /favicon.ico no implementada"}
{"level":"warn","message":"Ruta GET /socket.io/socket.io.js no implementada"}
{"level":"warn","message":"Ruta GET /favicon.ico no implementada"}
{"level":"warn","message":"Ruta GET /socket.io/socket.io.js no implementada"}
{"level":"warn","message":"Ruta GET /favicon.ico no implementada"}
{"level":"warn","message":"Ruta GET /socket.io/socket.io.js no implementada"}
{"level":"warn","message":"Ruta GET /favicon.ico no implementada"}
{"level":"warn","message":"Ruta GET /socket.io/socket.io.js no implementada"}
{"level":"warn","message":"Ruta GET /favicon.ico no implementada"}
{"level":"warn","message":"Ruta GET /socket.io/socket.io.js no implementada"}
{"level":"warn","message":"Ruta GET /favicon.ico no implementada"}
{"level":"warn","message":"Ruta GET /socket.io/socket.io.js no implementada"}
{"level":"warn","message":"Ruta GET /favicon.ico no implementada"}
{"level":"warn","message":"Ruta GET /socket.io/socket.io.js no implementada"}
{"level":"warn","message":"Ruta GET /favicon.ico no implementada"}
{"level":"warn","message":"Ruta GET /socket.io/socket.io.js no implementada"}
{"level":"warn","message":"Ruta GET /favicon.ico no implementada"}
{"level":"warn","message":"Ruta GET /favicon.ico no implementada"}
{"level":"warn","message":"Ruta GET /favicon.ico no implementada"}
{"level":"warn","message":"Ruta GET /favicon.ico no implementada"}
{"level":"warn","message":"Ruta GET /favicon.ico no implementada"}
{"level":"warn","message":"Ruta GET /favicon.ico no implementada"}
{"level":"warn","message":"Ruta GET /favicon.ico no implementada"}
{"level":"warn","message":"Ruta GET /favicon.ico no implementada"}
{"level":"warn","message":"Ruta GET /favicon.ico no implementada"}
{"level":"warn","message":"Ruta GET /favicon.ico no implementada"}
{"level":"warn","message":"Ruta GET /favicon.ico no implementada"}
{"level":"warn","message":"Ruta GET /favicon.ico no implementada"}
{"level":"warn","message":"Ruta GET /favicon.ico no implementada"}
{"level":"warn","message":"Ruta GET /favicon.ico no implementada"}
{"level":"warn","message":"Ruta GET /favicon.ico no implementada"}
{"level":"warn","message":"Ruta GET /favicon.ico no implementada"}
{"level":"warn","message":"Ruta GET /favicon.ico no implementada"}
{"level":"warn","message":"Ruta GET /favicon.ico no implementada"}
{"level":"warn","message":"Ruta GET /favicon.ico no implementada"}
{"level":"warn","message":"Ruta GET /favicon.ico no implementada"}
{"level":"warn","message":"Ruta GET /favicon.ico no implementada"}
{"level":"warn","message":"Ruta GET /favicon.ico no implementada"}
{"level":"warn","message":"Ruta GET /favicon.ico no implementada"}
{"level":"warn","message":"Ruta GET /favicon.ico no implementada"}
{"level":"warn","message":"Ruta GET /favicon.ico no implementada"}
{"level":"warn","message":"Ruta GET /favicon.ico no implementada"}
{"level":"warn","message":"Ruta GET /favicon.ico no implementada"}
{"level":"warn","message":"Ruta GET /favicon.ico no implementada"}
{"level":"warn","message":"Ruta GET /favicon.ico no implementada"}
{"level":"warn","message":"Ruta GET /favicon.ico no implementada"}
{"level":"warn","message":"Ruta GET /favicon.ico no implementada"}
{"level":"warn","message":"Ruta GET /favicon.ico no implementada"}
{"level":"warn","message":"Ruta GET /favicon.ico no implementada"}
{"level":"warn","message":"Ruta GET /favicon.ico no implementada"}
{"level":"warn","message":"Ruta GET /favicon.ico no implementada"}
{"level":"warn","message":"Ruta GET /favicon.ico no implementada"}
{"level":"warn","message":"Ruta GET /favicon.ico no implementada"}
{"level":"warn","message":"Ruta GET /favicon.ico no implementada"}
{"level":"warn","message":"Ruta GET /favicon.ico no implementada"}
{"level":"warn","message":"Ruta GET /favicon.ico no implementada"}
{"level":"warn","message":"Ruta GET /favicon.ico no implementada"}
{"level":"warn","message":"Ruta GET /favicon.ico no implementada"}
{"level":"warn","message":"Ruta GET /favicon.ico no implementada"}
{"level":"warn","message":"Ruta GET /favicon.ico no implementada"}
{"level":"warn","message":"Ruta GET /favicon.ico no implementada"}
{"level":"warn","message":"Ruta GET /favicon.ico no implementada"}
{"level":"warn","message":"Ruta GET /favicon.ico no implementada"}
{"level":"warn","message":"Ruta GET /favicon.ico no implementada"}
{"level":"warn","message":"Ruta GET /favicon.ico no implementada"}
{"level":"warn","message":"Ruta GET /favicon.ico no implementada"}
{"level":"warn","message":"Ruta GET /favicon.ico no implementada"}
{"level":"warn","message":"Ruta GET /favicon.ico no implementada"}
{"level":"warn","message":"Ruta GET /favicon.ico no implementada"}
{"level":"warn","message":"Ruta GET /favicon.ico no implementada"}
{"level":"warn","message":"Ruta GET /favicon.ico no implementada"}
{"level":"warn","message":"Ruta GET /favicon.ico no implementada"}
{"level":"warn","message":"Ruta GET /favicon.ico no implementada"}
{"level":"warn","message":"Ruta GET /favicon.ico no implementada"}
{"level":"warn","message":"Ruta GET /favicon.ico no implementada"}
{"level":"warn","message":"Ruta GET /favicon.ico no implementada"}
{"level":"warn","message":"Ruta GET /favicon.ico no implementada"}
{"level":"warn","message":"Ruta GET /favicon.ico no implementada"}
{"level":"warn","message":"Ruta GET /favicon.ico no implementada"}
{"level":"warn","message":"Ruta GET /favicon.ico no implementada"}
{"level":"warn","message":"Ruta GET /favicon.ico no implementada"}
{"level":"warn","message":"Ruta GET /favicon.ico no implementada"}
{"level":"warn","message":"Ruta GET /favicon.ico no implementada"}
{"level":"warn","message":"Ruta GET /favicon.ico no implementada"}
{"level":"warn","message":"Ruta GET /favicon.ico no implementada"}
{"level":"warn","message":"Ruta GET /favicon.ico no implementada"}
{"level":"warn","message":"Ruta GET /favicon.ico no implementada"}
{"level":"warn","message":"Ruta GET /favicon.ico no implementada"}
{"level":"warn","message":"Ruta GET /favicon.ico no implementada"}
{"level":"warn","message":"Ruta GET /favicon.ico no implementada"}
{"level":"warn","message":"Ruta GET /favicon.ico no implementada"}
{"level":"warn","message":"Ruta GET /favicon.ico no implementada"}
{"level":"warn","message":"Ruta GET /favicon.ico no implementada"}
{"level":"warn","message":"Ruta GET /favicon.ico no implementada"}
{"level":"warn","message":"Ruta GET /favicon.ico no implementada"}
{"level":"error","message":"Error al obtener al usuario TypeError: Cannot read properties of undefined (reading 'findOne')"}
{"level":"error","message":"Error al guardar el objecto en la colección messages: ValidationError: mail: Path `mail` is required., message: Path `message` is required."}
{"level":"error","message":"Error al obtener al usuario TypeError: Cannot read properties of undefined (reading 'findOne')"}
{"level":"error","message":"Error al guardar el objecto en la colección messages: ValidationError: mail: Path `mail` is required., message: Path `message` is required."}
{"level":"error","message":"Error al obtener al usuario TypeError: Cannot read properties of undefined (reading 'findOne')"}
{"level":"error","message":"Error al guardar el objecto en la colección messages: ValidationError: mail: Path `mail` is required., message: Path `message` is required."}
{"level":"error","message":"Error al obtener al usuario TypeError: Cannot read properties of undefined (reading 'findOne')"}
{"level":"error","message":"Error al guardar el objecto en la colección messages: ValidationError: mail: Path `mail` is required., message: Path `message` is required."}
{"level":"error","message":"Error al obtener al usuario TypeError: Cannot read properties of undefined (reading 'findOne')"}
{"level":"error","message":"Error al guardar el objecto en la colección messages: ValidationError: mail: Path `mail` is required., message: Path `message` is required."}
{"level":"error","message":"Error al obtener al usuario TypeError: Cannot read properties of undefined (reading 'findOne')"}
{"level":"error","message":"Error al guardar el objecto en la colección messages: ValidationError: mail: Path `mail` is required., message: Path `message` is required."}
{"level":"warn","message":"Ruta GET /favicon.ico no implementada"}
{"level":"warn","message":"Ruta GET /favicon.ico no implementada"}
{"level":"warn","message":"Ruta GET /favicon.ico no implementada"}
{"level":"warn","message":"Ruta GET /favicon.ico no implementada"}
{"level":"warn","message":"Ruta GET /favicon.ico no implementada"}
{"level":"error","message":"Error en login de usuario"}
{"level":"warn","message":"Ruta GET /favicon.ico no implementada"}
{"level":"warn","message":"Ruta GET /favicon.ico no implementada"}
{"level":"warn","message":"Ruta GET /favicon.ico no implementada"}
{"level":"warn","message":"Ruta GET /favicon.ico no implementada"}
{"level":"warn","message":"Ruta GET / no implementada"}
{"level":"warn","message":"Ruta GET / no implementada"}
{"level":"warn","message":"Ruta GET / no implementada"}
{"level":"warn","message":"Ruta GET / no implementada"}
{"level":"warn","message":"Ruta GET / no implementada"}
{"level":"warn","message":"Ruta GET / no implementada"}
{"level":"error","message":"Error en login de usuario"}
{"level":"error","message":"Error en login de usuario"}
{"level":"error","message":"Error en login de usuario"}
{"level":"error","message":"Error en login de usuario"}
{"level":"error","message":"Error en login de usuario"}
{"level":"error","message":"Error en login de usuario"}
{"level":"error","message":"Error en login de usuario"}
{"level":"error","message":"Error en login de usuario"}
{"level":"error","message":"Error en login de usuario"}
{"level":"error","message":"Error en login de usuario"}
{"level":"error","message":"Error en login de usuario"}
{"level":"warn","message":"Ruta GET /alogin no implementada"}
{"level":"error","message":"Error en login de usuario"}
{"level":"error","message":"Error en login de usuario"}
{"level":"error","message":"Error en login de usuario"}
{"level":"error","message":"Error en login de usuario"}
{"level":"error","message":"Error en login de usuario"}
{"level":"error","message":"Error en login de usuario"}
{"level":"error","message":"Error en login de usuario"}
